<?xml version="1.0" encoding="UTF-8"?>
<testsuite name="com.Panda.tiktokDevKit.api.AuthenticationServiceTest" tests="7" skipped="0" failures="0" errors="0" timestamp="2025-05-18T04:07:45.273Z" hostname="DESKTOP-CJ8MSFF" time="4.035">
  <properties/>
  <testcase name="testGenerateAuthorizationUrl()" classname="com.Panda.tiktokDevKit.api.AuthenticationServiceTest" time="0.129"/>
  <testcase name="testRevokeAccessToken()" classname="com.Panda.tiktokDevKit.api.AuthenticationServiceTest" time="3.38"/>
  <testcase name="testExchangeCodeForToken()" classname="com.Panda.tiktokDevKit.api.AuthenticationServiceTest" time="0.081"/>
  <testcase name="testIsTokenExpired()" classname="com.Panda.tiktokDevKit.api.AuthenticationServiceTest" time="0.161"/>
  <testcase name="testGetAccessToken()" classname="com.Panda.tiktokDevKit.api.AuthenticationServiceTest" time="0.051"/>
  <testcase name="testExchangeCodeForTokenFailure()" classname="com.Panda.tiktokDevKit.api.AuthenticationServiceTest" time="0.102"/>
  <testcase name="testRefreshAccessToken()" classname="com.Panda.tiktokDevKit.api.AuthenticationServiceTest" time="0.06"/>
  <system-out><![CDATA[]]></system-out>
  <system-err><![CDATA[WARNING: A Java agent has been loaded dynamically (C:\Users\New User\.gradle\caches\modules-2\files-2.1\net.bytebuddy\byte-buddy-agent\1.14.4\3bf5ac1104554908cc623e40e58a00be37c35f36\byte-buddy-agent-1.14.4.jar)
WARNING: If a serviceability tool is in use, please run with -XX:+EnableDynamicAgentLoading to hide this warning
WARNING: If a serviceability tool is not in use, please run with -Djdk.instrument.traceUsage for more information
WARNING: Dynamic loading of agents will be disallowed by default in a future release
]]></system-err>
</testsuite>
